Vivado Simulator 2019.2
Copyright 1986-1999, 2001-2019 Xilinx, Inc. All Rights Reserved.
Running: D:/Vivado/2019.2/bin/unwrapped/win64.o/xelab.exe -wto 9487cf34ee6941078b4b079b8ed51b0e --incr --debug typical --relax --mt 2 -L xil_defaultlib -L unisims_ver -L unimacro_ver -L secureip --snapshot top_module_tb_behav xil_defaultlib.top_module_tb xil_defaultlib.glbl -log elaborate.log 
Using 2 slave threads.
Starting static elaboration
Pass Through NonSizing Optimizer
Completed static elaboration
Starting simulation data flow analysis
Completed simulation data flow analysis
Time Resolution for simulation is 1ps
Compiling module xil_defaultlib.receiver_default
Compiling module xil_defaultlib.LOD(N=2)
Compiling module xil_defaultlib.LOD(N=4)
Compiling module xil_defaultlib.LOD(N=8)
Compiling module xil_defaultlib.LOD(N=16)
Compiling module xil_defaultlib.LOD_N(N=16)
Compiling module xil_defaultlib.LZD(N=2)
Compiling module xil_defaultlib.LZD(N=4)
Compiling module xil_defaultlib.LZD(N=8)
Compiling module xil_defaultlib.LZD(N=16)
Compiling module xil_defaultlib.LZD_N(N=16)
Compiling module xil_defaultlib.DSR_left_N_S(S=32'b0100)
Compiling module xil_defaultlib.data_extract(es=5)
Compiling module xil_defaultlib.DSR_right_N_S(N=32,S=5)
Compiling module xil_defaultlib.posit_mult(es=5)
Compiling module xil_defaultlib.sub_N(N=4)
Compiling module xil_defaultlib.add_N(N=4)
Compiling module xil_defaultlib.sub_N
Compiling module xil_defaultlib.DSR_right_N_S_default
Compiling module xil_defaultlib.add_N(N=16)
Compiling module xil_defaultlib.sub_N(N=16)
Compiling module xil_defaultlib.DSR_left_N_S_default
Compiling module xil_defaultlib.add_mantovf
Compiling module xil_defaultlib.DSR_right_N_S(N=32)
Compiling module xil_defaultlib.posit_adder(es=5)
Compiling module xil_defaultlib.Multiplication_default
Compiling module xil_defaultlib.Addition(exp=5,n=16)
Compiling module xil_defaultlib.Sender_default
Compiling module xil_defaultlib.top_module
Compiling module xil_defaultlib.top_module_tb
Compiling module xil_defaultlib.glbl
Built simulation snapshot top_module_tb_behav
